#
# There is insufficient memory for the Java Runtime Environment to continue.
# Native memory allocation (mmap) failed to map 536870912 bytes for G1 virtual space
# Possible reasons:
#   The system is out of physical RAM or swap space
#   The process is running with CompressedOops enabled, and the Java Heap may be blocking the growth of the native heap
# Possible solutions:
#   Reduce memory load on the system
#   Increase physical memory or swap space
#   Check if swap backing store is full
#   Decrease Java heap size (-Xmx/-Xms)
#   Decrease number of Java threads
#   Decrease Java thread stack sizes (-Xss)
#   Set larger code cache with -XX:ReservedCodeCacheSize=
#   JVM is running with Zero Based Compressed Oops mode in which the Java heap is
#     placed in the first 32GB address space. The Java Heap base address is the
#     maximum limit for the native heap growth. Please use -XX:HeapBaseMinAddress
#     to set the Java Heap base and to place the Java Heap above 32GB virtual address.
# This output file may be truncated or incomplete.
#
#  Out of Memory Error (os_windows.cpp:3535), pid=28548, tid=15468
#
# JRE version:  (17.0.3+7) (build )
# Java VM: OpenJDK 64-Bit Server VM (17.0.3+7, mixed mode, sharing, tiered, compressed oops, compressed class ptrs, g1 gc, windows-amd64)
# No core dump will be written. Minidumps are not enabled by default on client versions of Windows
#

---------------  S U M M A R Y ------------

Command Line: -Dfile.encoding=UTF-8 --module-path=C:\Users\DonAmbrocio\Desktop\MySqlJdbcDriver\mysql-connector-java-8.0.29.jar -XX:+ShowCodeDetailsInExceptionMessages norimaDB.PASApp

Host: Intel(R) Core(TM) i7-10750H CPU @ 2.60GHz, 12 cores, 31G,  Windows 10 , 64 bit Build 19041 (10.0.19041.1806)
Time: Wed Jul 27 18:33:05 2022 Malay Peninsula Standard Time elapsed time: 0.007375 seconds (0d 0h 0m 0s)

---------------  T H R E A D  ---------------

Current thread (0x000002dacc38b920):  JavaThread "Unknown thread" [_thread_in_vm, id=15468, stack(0x000000fd75c00000,0x000000fd75d00000)]

Stack: [0x000000fd75c00000,0x000000fd75d00000]
Native frames: (J=compiled Java code, j=interpreted, Vv=VM code, C=native code)
V  [jvm.dll+0x675efa]
V  [jvm.dll+0x830a24]
V  [jvm.dll+0x8321ce]
V  [jvm.dll+0x832833]
V  [jvm.dll+0x2454b5]
V  [jvm.dll+0x672de9]
V  [jvm.dll+0x667732]
V  [jvm.dll+0x3043ab]
V  [jvm.dll+0x30b8f6]
V  [jvm.dll+0x35b62e]
V  [jvm.dll+0x35b85f]
V  [jvm.dll+0x2db248]
V  [jvm.dll+0x2dc1b4]
V  [jvm.dll+0x802651]
V  [jvm.dll+0x3693b1]
V  [jvm.dll+0x7e1aac]
V  [jvm.dll+0x3ebd8f]
V  [jvm.dll+0x3ed911]
C  [jli.dll+0x5277]
C  [ucrtbase.dll+0x21bb2]
C  [KERNEL32.DLL+0x17034]
C  [ntdll.dll+0x52651]


---------------  P R O C E S S  ---------------

Threads class SMR info:
_java_thread_list=0x00007ffcadda6e98, length=0, elements={
}

Java Threads: ( => current thread )

Other Threads:
  0x000002dacc438a20 GCTaskThread "GC Thread#0" [stack: 0x000000fd75d00000,0x000000fd75e00000] [id=35712]
  0x000002dacc44afa0 ConcurrentGCThread "G1 Main Marker" [stack: 0x000000fd75e00000,0x000000fd75f00000] [id=28888]
  0x000002dacc44b9b0 ConcurrentGCThread "G1 Conc#0" [stack: 0x000000fd75f00000,0x000000fd76000000] [id=6056]

[error occurred during error reporting (printing all threads), id 0xc0000005, EXCEPTION_ACCESS_VIOLATION (0xc0000005) at pc=0x00007ffcad57bcd7]

VM state: not at safepoint (not fully initialized)

VM Mutex/Monitor currently owned by a thread:  ([mutex/lock_event])
[0x000002dacc387b80] Heap_lock - owner thread: 0x000002dacc38b920

Heap address: 0x0000000602c00000, size: 8148 MB, Compressed Oops mode: Zero based, Oop shift amount: 3

CDS archive(s) mapped at: [0x0000000000000000-0x0000000000000000-0x0000000000000000), size 0, SharedBaseAddress: 0x0000000800000000, ArchiveRelocationMode: 0.
Narrow klass base: 0x0000000000000000, Narrow klass shift: 0, Narrow klass range: 0x0

GC Precious Log:
<Empty>

Heap:
 garbage-first heap   total 0K, used 0K [0x0000000602c00000, 0x0000000800000000)
  region size 4096K, 0 young (0K), 0 survivors (0K)

[error occurred during error reporting (printing heap information), id 0xc0000005, EXCEPTION_ACCESS_VIOLATION (0xc0000005) at pc=0x00007ffcad95f249]

GC Heap History (0 events):
No events

Deoptimization events (0 events):
No events

Classes unloaded (0 events):
No events

Classes redefined (0 events):
No events

Internal exceptions (0 events):
No events

VM Operations (0 events):
No events

Events (1 events):
Event: 0.004 Loaded shared library C:\Users\DonAmbrocio\.p2\pool\plugins\org.eclipse.justj.openjdk.hotspot.jre.full.win32.x86_64_17.0.3.v20220515-1416\jre\bin\java.dll


Dynamic libraries:
0x00007ff7f9890000 - 0x00007ff7f989e000 	C:\Users\DonAmbrocio\.p2\pool\plugins\org.eclipse.justj.openjdk.hotspot.jre.full.win32.x86_64_17.0.3.v20220515-1416\jre\bin\javaw.exe
0x00007ffd20830000 - 0x00007ffd20a28000 	C:\Windows\SYSTEM32\ntdll.dll
0x00007ffd20050000 - 0x00007ffd2010d000 	C:\Windows\System32\KERNEL32.DLL
0x00007ffd1e5c0000 - 0x00007ffd1e88e000 	C:\Windows\System32\KERNELBASE.dll
0x00007ffd1e370000 - 0x00007ffd1e470000 	C:\Windows\System32\ucrtbase.dll
0x00007ffd03340000 - 0x00007ffd03358000 	C:\Users\DonAmbrocio\.p2\pool\plugins\org.eclipse.justj.openjdk.hotspot.jre.full.win32.x86_64_17.0.3.v20220515-1416\jre\bin\jli.dll
0x00007ffcfd510000 - 0x00007ffcfd529000 	C:\Users\DonAmbrocio\.p2\pool\plugins\org.eclipse.justj.openjdk.hotspot.jre.full.win32.x86_64_17.0.3.v20220515-1416\jre\bin\VCRUNTIME140.dll
0x00007ffd1f650000 - 0x00007ffd1f7f0000 	C:\Windows\System32\USER32.dll
0x00007ffd1e000000 - 0x00007ffd1e022000 	C:\Windows\System32\win32u.dll
0x00007ffd041b0000 - 0x00007ffd0444a000 	C:\Windows\WinSxS\amd64_microsoft.windows.common-controls_6595b64144ccf1df_6.0.19041.1110_none_60b5254171f9507e\COMCTL32.dll
0x00007ffd1e9d0000 - 0x00007ffd1e9fa000 	C:\Windows\System32\GDI32.dll
0x00007ffd1f510000 - 0x00007ffd1f5ae000 	C:\Windows\System32\msvcrt.dll
0x00007ffd1e260000 - 0x00007ffd1e36b000 	C:\Windows\System32\gdi32full.dll
0x00007ffd1e030000 - 0x00007ffd1e0cd000 	C:\Windows\System32\msvcp_win.dll
0x00007ffd1f5b0000 - 0x00007ffd1f5e0000 	C:\Windows\System32\IMM32.DLL
0x00007ffd03330000 - 0x00007ffd0333c000 	C:\Users\DonAmbrocio\.p2\pool\plugins\org.eclipse.justj.openjdk.hotspot.jre.full.win32.x86_64_17.0.3.v20220515-1416\jre\bin\vcruntime140_1.dll
0x00007ffcb9360000 - 0x00007ffcb93f1000 	C:\Users\DonAmbrocio\.p2\pool\plugins\org.eclipse.justj.openjdk.hotspot.jre.full.win32.x86_64_17.0.3.v20220515-1416\jre\bin\msvcp140.dll
0x00007ffcad290000 - 0x00007ffcaded8000 	C:\Users\DonAmbrocio\.p2\pool\plugins\org.eclipse.justj.openjdk.hotspot.jre.full.win32.x86_64_17.0.3.v20220515-1416\jre\bin\server\jvm.dll
0x00007ffd1ffa0000 - 0x00007ffd2004e000 	C:\Windows\System32\ADVAPI32.dll
0x00007ffd1efb0000 - 0x00007ffd1f04c000 	C:\Windows\System32\sechost.dll
0x00007ffd204f0000 - 0x00007ffd20615000 	C:\Windows\System32\RPCRT4.dll
0x00007ffd20620000 - 0x00007ffd20628000 	C:\Windows\System32\PSAPI.DLL
0x00007ffd17250000 - 0x00007ffd17259000 	C:\Windows\SYSTEM32\WSOCK32.dll
0x00007ffd18040000 - 0x00007ffd1804a000 	C:\Windows\SYSTEM32\VERSION.dll
0x00007ffd1f5e0000 - 0x00007ffd1f64b000 	C:\Windows\System32\WS2_32.dll
0x00007ffd02c40000 - 0x00007ffd02c67000 	C:\Windows\SYSTEM32\WINMM.dll
0x00007ffd1bd40000 - 0x00007ffd1bd52000 	C:\Windows\SYSTEM32\kernel.appcore.dll
0x00007ffd14b20000 - 0x00007ffd14b2a000 	C:\Users\DonAmbrocio\.p2\pool\plugins\org.eclipse.justj.openjdk.hotspot.jre.full.win32.x86_64_17.0.3.v20220515-1416\jre\bin\jimage.dll
0x00007ffd15770000 - 0x00007ffd15954000 	C:\Windows\SYSTEM32\DBGHELP.DLL
0x00007ffd15ac0000 - 0x00007ffd15aec000 	C:\Windows\SYSTEM32\dbgcore.DLL
0x00007ffd1e530000 - 0x00007ffd1e5b2000 	C:\Windows\System32\bcryptPrimitives.dll
0x00007ffd14730000 - 0x00007ffd14755000 	C:\Users\DonAmbrocio\.p2\pool\plugins\org.eclipse.justj.openjdk.hotspot.jre.full.win32.x86_64_17.0.3.v20220515-1416\jre\bin\java.dll

dbghelp: loaded successfully - version: 4.0.5 - missing functions: none
symbol engine: initialized successfully - sym options: 0x614 - pdb path: .;C:\Users\DonAmbrocio\.p2\pool\plugins\org.eclipse.justj.openjdk.hotspot.jre.full.win32.x86_64_17.0.3.v20220515-1416\jre\bin;C:\Windows\SYSTEM32;C:\Windows\WinSxS\amd64_microsoft.windows.common-controls_6595b64144ccf1df_6.0.19041.1110_none_60b5254171f9507e;C:\Users\DonAmbrocio\.p2\pool\plugins\org.eclipse.justj.openjdk.hotspot.jre.full.win32.x86_64_17.0.3.v20220515-1416\jre\bin\server

VM Arguments:
jvm_args: -Dfile.encoding=UTF-8 --module-path=C:\Users\DonAmbrocio\Desktop\MySqlJdbcDriver\mysql-connector-java-8.0.29.jar -XX:+ShowCodeDetailsInExceptionMessages 
java_command: norimaDB.PASApp
java_class_path (initial): C:\Users\DonAmbrocio\eclipse-workspace\jdbc-demo\bin
Launcher Type: SUN_STANDARD

[Global flags]
     intx CICompilerCount                          = 4                                         {product} {ergonomic}
     uint ConcGCThreads                            = 3                                         {product} {ergonomic}
     uint G1ConcRefinementThreads                  = 10                                        {product} {ergonomic}
   size_t G1HeapRegionSize                         = 4194304                                   {product} {ergonomic}
    uintx GCDrainStackTargetSize                   = 64                                        {product} {ergonomic}
   size_t InitialHeapSize                          = 536870912                                 {product} {ergonomic}
   size_t MarkStackSize                            = 4194304                                   {product} {ergonomic}
   size_t MaxHeapSize                              = 8543797248                                {product} {ergonomic}
   size_t MinHeapDeltaBytes                        = 4194304                                   {product} {ergonomic}
   size_t MinHeapSize                              = 8388608                                   {product} {ergonomic}
    uintx NonNMethodCodeHeapSize                   = 5839372                                {pd product} {ergonomic}
    uintx NonProfiledCodeHeapSize                  = 122909434                              {pd product} {ergonomic}
    uintx ProfiledCodeHeapSize                     = 122909434                              {pd product} {ergonomic}
    uintx ReservedCodeCacheSize                    = 251658240                              {pd product} {ergonomic}
     bool SegmentedCodeCache                       = true                                      {product} {ergonomic}
     bool ShowCodeDetailsInExceptionMessages       = true                                   {manageable} {command line}
   size_t SoftMaxHeapSize                          = 8543797248                             {manageable} {ergonomic}
     bool UseCompressedClassPointers               = true                           {product lp64_product} {ergonomic}
     bool UseCompressedOops                        = true                           {product lp64_product} {ergonomic}
     bool UseG1GC                                  = true                                      {product} {ergonomic}
     bool UseLargePagesIndividualAllocation        = false                                  {pd product} {ergonomic}

Logging:
Log output configuration:
 #0: stdout all=warning uptime,level,tags
 #1: stderr all=off uptime,level,tags

Environment Variables:
PATH=C:/Users/DonAmbrocio/.p2/pool/plugins/org.eclipse.justj.openjdk.hotspot.jre.full.win32.x86_64_17.0.3.v20220515-1416/jre/bin/server;C:/Users/DonAmbrocio/.p2/pool/plugins/org.eclipse.justj.openjdk.hotspot.jre.full.win32.x86_64_17.0.3.v20220515-1416/jre/bin;C:\Windows\system32;C:\Windows;C:\Windows\System32\Wbem;C:\Windows\System32\WindowsPowerShell\v1.0\;C:\Windows\System32\OpenSSH\;C:\Program Files (x86)\NVIDIA Corporation\PhysX\Common;C:\Program Files\NVIDIA Corporation\NVIDIA NvDLISR;C:\Program Files\MySQL\MySQL Shell 8.0\bin\;C:\Users\DonAmbrocio\AppData\Local\Microsoft\WindowsApps;;C:\Windows\System32;
USERNAME=DonAmbrocio
OS=Windows_NT
PROCESSOR_IDENTIFIER=Intel64 Family 6 Model 165 Stepping 2, GenuineIntel



---------------  S Y S T E M  ---------------

OS:
 Windows 10 , 64 bit Build 19041 (10.0.19041.1806)
OS uptime: 5 days 6:52 hours

CPU: total 12 (initial active 12) (6 cores per cpu, 2 threads per core) family 6 model 165 stepping 2 microcode 0xe2, cx8, cmov, fxsr, ht, mmx, 3dnowpref, sse, sse2, sse3, ssse3, sse4.1, sse4.2, popcnt, lzcnt, tsc, tscinvbit, avx, avx2, aes, erms, clmul, bmi1, bmi2, adx, fma, vzeroupper, clflush, clflushopt

Memory: 4k page, system-wide physical 32589M (16356M free)
TotalPageFile size 91318M (AvailPageFile size 50M)
current process WorkingSet (physical memory assigned to process): 10M, peak: 10M
current process commit charge ("private bytes"): 64M, peak: 576M

vm_info: OpenJDK 64-Bit Server VM (17.0.3+7) for windows-amd64 JRE (17.0.3+7), built on Apr 19 2022 16:55:35 by "" with MS VC++ 16.7 (VS2019)

END.
